\BOOKMARK [0][-]{chapter.1}{\376\377\000B\000e\000v\000e\000z\000e\000t\000\351\000s}{}% 1
\BOOKMARK [1][-]{section.1.1}{\376\377\000M\000o\000t\000i\000v\000\341\000c\000i\000\363}{chapter.1}% 2
\BOOKMARK [1][-]{section.1.2}{\376\377\000K\000u\000t\000a\000t\000\341\000s\000i\000\040\000c\000\351\000l\000o\000k}{chapter.1}% 3
\BOOKMARK [0][-]{chapter.2}{\376\377\000H\000\341\000t\000t\000\351\000r\000\040\000\351\000s\000\040\000e\000l\000m\000\351\000l\000e\000t\000i\000\040\000a\000l\000a\000p\000o\000k}{}% 4
\BOOKMARK [1][-]{section.2.1}{\376\377\000S\000z\000i\000m\000b\000o\000l\000i\000k\000u\000s\000\040\000z\000e\000n\000e\000\040\000g\000e\000n\000e\000r\000\341\000l\000\341\000s}{chapter.2}% 5
\BOOKMARK [1][-]{section.2.2}{\376\377\000A\000\040\000Z\000h\000a\000\040\000r\000e\000n\000d\000s\000z\000e\000r\000\040\000a\000r\000c\000h\000i\000t\000e\000k\000t\000\372\000r\000\341\000l\000i\000s\000\040\000a\000l\000a\000p\000j\000a\000i}{chapter.2}% 6
\BOOKMARK [2][-]{subsection.2.2.1}{\376\377\000M\000i\000k\000r\000o\000s\000z\000o\000l\000g\000\341\000l\000t\000a\000t\000\341\000s\000-\000a\000l\000a\000p\000\372\000\040\000t\000e\000r\000v\000e\000z\000\351\000s}{section.2.2}% 7
\BOOKMARK [2][-]{subsection.2.2.2}{\376\377\000T\000\366\000b\000b\000m\000o\000d\000e\000l\000l\000e\000s\000\040\000g\000e\000n\000e\000r\000\341\000l\000\341\000s\000i\000\040\000s\000t\000r\000a\000t\000\351\000g\000i\000a}{section.2.2}% 8
\BOOKMARK [2][-]{subsection.2.2.3}{\376\377\000A\000d\000a\000t\000f\000e\000l\000d\000o\000l\000g\000o\000z\000\341\000s\000i\000\040\000p\000i\000p\000e\000l\000i\000n\000e}{section.2.2}% 9
\BOOKMARK [2][-]{subsection.2.2.4}{\376\377\000M\000I\000D\000I\000\040\000e\000s\000e\000m\000\351\000n\000y\000e\000k}{section.2.2}% 10
\BOOKMARK [2][-]{subsection.2.2.5}{\376\377\000P\000i\000a\000n\000o\000-\000R\000o\000l\000l\000\040\000\341\000b\000r\000\341\000z\000o\000l\000\341\000s\000o\000k}{section.2.2}% 11
\BOOKMARK [2][-]{subsection.2.2.6}{\376\377\000T\000o\000k\000e\000n\000i\000z\000\341\000l\000t\000\040\000s\000z\000e\000k\000v\000e\000n\000c\000i\000a\000-\000r\000e\000p\000r\000e\000z\000e\000n\000t\000\341\000c\000i\000\363\000k}{section.2.2}% 12
\BOOKMARK [2][-]{subsection.2.2.7}{\376\377\000K\000i\000h\000\355\000v\000\341\000s\000o\000k\000:\000\040\000D\000i\000n\000a\000m\000i\000k\000a\000,\000\040\000t\000\366\000b\000b\000s\000z\000\363\000l\000a\000m\000\372\000s\000\341\000g\000\040\000\351\000s\000\040\000i\000d\001\121\000z\000\355\000t\000\351\000s}{section.2.2}% 13
\BOOKMARK [1][-]{section.2.3}{\376\377\000\311\000r\000t\000\351\000k\000e\000l\000\351\000s\000i\000\040\000m\000\351\000r\001\121\000s\000z\000\341\000m\000o\000k}{chapter.2}% 14
\BOOKMARK [2][-]{subsection.2.3.1}{\376\377\000P\000e\000r\000p\000l\000e\000x\000i\000t\000\341\000s}{section.2.3}% 15
\BOOKMARK [2][-]{subsection.2.3.2}{\376\377\000H\000a\000n\000g\000m\000a\000g\000a\000s\000s\000\341\000g\000\040\000E\000n\000t\000r\000o\000p\000i\000\341\000j\000a}{section.2.3}% 16
\BOOKMARK [2][-]{subsection.2.3.3}{\376\377\000G\000r\000o\000o\000v\000e\000\040\000k\000o\000n\000z\000i\000s\000z\000t\000e\000n\000c\000i\000a}{section.2.3}% 17
\BOOKMARK [2][-]{subsection.2.3.4}{\376\377\000E\000m\000b\000e\000r\000i\000\040\000h\000a\000l\000l\000g\000a\000t\000\341\000s\000i\000\040\000t\000e\000s\000z\000t\000e\000k}{section.2.3}% 18
\BOOKMARK [2][-]{subsection.2.3.5}{\376\377\000\326\000s\000s\000z\000e\000t\000e\000t\000t\000\040\000\351\000s\000\040\000\372\000j\000\040\000m\000\351\000r\001\121\000s\000z\000\341\000m\000o\000k}{section.2.3}% 19
\BOOKMARK [0][-]{chapter.3}{\376\377\000M\000a\000r\000k\000o\000v\000\040\000l\000\341\000n\000c\000o\000k\000\040\000\351\000s\000\040\000H\000i\000d\000d\000e\000n\000\040\000M\000a\000r\000k\000o\000v\000\040\000l\000\341\000n\000c\000o\000k}{}% 20
\BOOKMARK [1][-]{section.3.1}{\376\377\000B\000e\000v\000e\000z\000e\000t\000\351\000s\000\040\000\351\000s\000\040\000m\000o\000t\000i\000v\000\341\000c\000i\000\363}{chapter.3}% 21
\BOOKMARK [2][-]{subsection.3.1.1}{\376\377\000A\000z\000\040\000i\000m\000p\000l\000e\000m\000e\000n\000t\000\341\000c\000i\000\363\000\040\000f\001\121\000b\000b\000\040\000j\000e\000l\000l\000e\000m\000z\001\121\000i}{section.3.1}% 22
\BOOKMARK [1][-]{section.3.2}{\376\377\000E\000l\000m\000\351\000l\000e\000t\000i\000\040\000a\000l\000a\000p\000o\000k\000\040\000\351\000s\000\040\000m\000a\000t\000e\000m\000a\000t\000i\000k\000a\000i\000\040\000h\000\341\000t\000t\000\351\000r}{chapter.3}% 23
\BOOKMARK [2][-]{subsection.3.2.1}{\376\377\000D\000e\000f\000i\000n\000\355\000c\000i\000\363\000\040\000\351\000s\000\040\000t\000u\000l\000a\000j\000d\000o\000n\000s\000\341\000g\000o\000k}{section.3.2}% 24
\BOOKMARK [2][-]{subsection.3.2.2}{\376\377\000R\000e\000n\000d\000e\000k\000\040\000\351\000s\000\040\000M\000e\000m\000\363\000r\000i\000a}{section.3.2}% 25
\BOOKMARK [1][-]{section.3.3}{\376\377\000Z\000e\000n\000e\000e\000l\000m\000\351\000l\000e\000t\000i\000\040\000\351\000r\000t\000e\000l\000m\000e\000z\000\351\000s}{chapter.3}% 26
\BOOKMARK [2][-]{subsection.3.3.1}{\376\377\000\301\000l\000l\000a\000p\000o\000t\000\040\000t\000\351\000r\000\040\000k\000i\000a\000l\000a\000k\000\355\000t\000\341\000s\000a}{section.3.3}% 27
\BOOKMARK [2][-]{subsection.3.3.2}{\376\377\000T\000r\000a\000n\000z\000\355\000c\000i\000\363\000\040\000v\000a\000l\000\363\000s\000z\000\355\000n\001\161\000s\000\351\000g\000\351\000n\000e\000k\000\040\000b\000e\000c\000s\000l\000\351\000s\000e}{section.3.3}% 28
\BOOKMARK [1][-]{section.3.4}{\376\377\000M\000a\000t\000e\000m\000a\000t\000i\000k\000a\000i\000\040\000e\000l\000e\000m\000z\000\351\000s}{chapter.3}% 29
\BOOKMARK [2][-]{subsection.3.4.1}{\376\377\000S\000t\000a\000c\000i\000o\000n\000\341\000r\000i\000u\000s\000\040\000e\000l\000o\000s\000z\000l\000\341\000s}{section.3.4}% 30
\BOOKMARK [2][-]{subsection.3.4.2}{\376\377\000E\000n\000t\000r\000\363\000p\000i\000a\000\040\000a\000r\000\341\000n\000y}{section.3.4}% 31
\BOOKMARK [1][-]{section.3.5}{\376\377\000A\000\040\000z\000e\000n\000e\000i\000\040\000m\000o\000d\000e\000l\000l\000e\000z\000\351\000s\000\040\000k\000o\000r\000l\000\341\000t\000a\000i}{chapter.3}% 32
\BOOKMARK [2][-]{subsection.3.5.1}{\376\377\000L\000o\000k\000\341\000l\000i\000s\000\040\000v\000s\000.\000\040\000g\000l\000o\000b\000\341\000l\000i\000s\000\040\000s\000t\000r\000u\000k\000t\000\372\000r\000a}{section.3.5}% 33
\BOOKMARK [2][-]{subsection.3.5.2}{\376\377\000S\000p\000a\000r\000s\000i\000t\000y\000\040\000a\000n\000d\000\040\000G\000e\000n\000e\000r\000a\000l\000i\000z\000a\000t\000i\000o\000n}{section.3.5}% 34
\BOOKMARK [1][-]{section.3.6}{\376\377\000I\000m\000p\000l\000e\000m\000e\000n\000t\000\341\000c\000i\000\363\000\040\000a\000\040\000Z\000h\000a\000\040\000p\000r\000o\000j\000e\000k\000t\000b\000e\000n}{chapter.3}% 35
\BOOKMARK [2][-]{subsection.3.6.1}{\376\377\000A\000r\000c\000h\000i\000t\000e\000k\000t\000\372\000r\000a\000\040\000\341\000t\000t\000e\000k\000i\000n\000t\000\351\000s\000e}{section.3.6}% 36
\BOOKMARK [2][-]{subsection.3.6.2}{\376\377\000O\000p\000t\000i\000m\000a\000l\000i\000z\000\341\000l\000\341\000s}{section.3.6}% 37
\BOOKMARK [1][-]{section.3.7}{\376\377\000E\000g\000y\000\040\000e\000s\000e\000t\000t\000a\000n\000u\000l\000m\000\341\000n\000y\000:\000\040\000B\000a\000c\000h\000-\000k\000\363\000r\000u\000s\000\040\000g\000e\000n\000e\000r\000\341\000l\000\341\000s\000a}{chapter.3}% 38
\BOOKMARK [2][-]{subsection.3.7.1}{\376\377\000T\000r\000\351\000n\000i\000n\000g\000\040\000a\000d\000a\000t\000o\000k}{section.3.7}% 39
\BOOKMARK [2][-]{subsection.3.7.2}{\376\377\000E\000r\000e\000d\000m\000\351\000n\000y\000e\000k}{section.3.7}% 40
\BOOKMARK [1][-]{section.3.8}{\376\377\000A\000\040\000Z\000h\000a\000\040\000p\000r\000o\000j\000e\000k\000t\000\040\000M\000a\000r\000k\000o\000v\000-\000l\000\341\000n\000c\000\040\000i\000m\000p\000l\000e\000m\000e\000n\000t\000\341\000c\000i\000\363\000j\000a}{chapter.3}% 41
\BOOKMARK [2][-]{subsection.3.8.1}{\376\377\000A\000r\000c\000h\000i\000t\000e\000k\000t\000\372\000r\000a\000\040\000\341\000t\000t\000e\000k\000i\000n\000t\000\351\000s\000e}{section.3.8}% 42
\BOOKMARK [2][-]{subsection.3.8.2}{\376\377\000H\000i\000d\000d\000e\000n\000\040\000M\000a\000r\000k\000o\000v\000\040\000M\000o\000d\000e\000l\000\040\000i\000n\000t\000e\000g\000r\000\341\000c\000i\000\363}{section.3.8}% 43
\BOOKMARK [2][-]{subsection.3.8.3}{\376\377\000G\000P\000U\000\040\000a\000r\000c\000h\000i\000t\000e\000k\000t\000\372\000r\000a\000\040\000\351\000s\000\040\000o\000p\000t\000i\000m\000a\000l\000i\000z\000\341\000l\000\341\000s}{section.3.8}% 44
\BOOKMARK [2][-]{subsection.3.8.4}{\376\377\000M\000a\000g\000a\000s\000a\000b\000b\000\040\000r\000e\000n\000d\001\161\000\040\000\341\000t\000m\000e\000n\000e\000t\000e\000k}{section.3.8}% 45
\BOOKMARK [2][-]{subsection.3.8.5}{\376\377\000I\000n\000t\000e\000r\000v\000a\000l\000-\000a\000l\000a\000p\000\372\000\040\000m\000o\000d\000e\000l\000l\000e\000z\000\351\000s}{section.3.8}% 46
\BOOKMARK [2][-]{subsection.3.8.6}{\376\377\000Z\000e\000n\000e\000i\000\040\000j\000e\000l\000l\000e\000m\000z\001\121\000k\000\040\000k\000i\000n\000y\000e\000r\000\351\000s\000e\000\040\000\351\000s\000\040\000f\000e\000l\000d\000o\000l\000g\000o\000z\000\341\000s\000a}{section.3.8}% 47
\BOOKMARK [2][-]{subsection.3.8.7}{\376\377\000G\000e\000n\000e\000r\000\341\000l\000\341\000s\000i\000\040\000m\000\363\000d\000s\000z\000e\000r\000e\000k}{section.3.8}% 48
\BOOKMARK [2][-]{subsection.3.8.8}{\376\377\000H\000M\000M\000\040\000v\000a\000l\000\363\000s\000z\000\355\000n\001\161\000s\000\351\000g\000e\000k}{section.3.8}% 49
\BOOKMARK [1][-]{section.3.9}{\376\377\000H\000i\000d\000d\000e\000n\000\040\000M\000a\000r\000k\000o\000v\000\040\000M\000o\000d\000e\000l\000\040\000e\000l\000m\000\351\000l\000e\000t\000i\000\040\000a\000l\000a\000p\000j\000a\000i\000\040\000z\000e\000n\000e\000i\000\040\000a\000l\000k\000a\000l\000m\000a\000z\000\341\000s\000o\000k\000h\000o\000z}{chapter.3}% 50
\BOOKMARK [2][-]{subsection.3.9.1}{\376\377\000H\000M\000M\000\040\000m\000a\000t\000e\000m\000a\000t\000i\000k\000a\000i\000\040\000d\000e\000f\000i\000n\000\355\000c\000i\000\363\000j\000a}{section.3.9}% 51
\BOOKMARK [2][-]{subsection.3.9.2}{\376\377\000H\000M\000M\000\040\000p\000r\000o\000b\000l\000\351\000m\000\341\000k\000\040\000z\000e\000n\000e\000i\000\040\000a\000l\000k\000a\000l\000m\000a\000z\000\341\000s\000o\000k\000b\000a\000n}{section.3.9}% 52
\BOOKMARK [2][-]{subsection.3.9.3}{\376\377\000G\000a\000u\000s\000s\000i\000a\000n\000\040\000H\000M\000M\000\040\000z\000e\000n\000e\000i\000\040\000j\000e\000l\000l\000e\000m\000z\001\121\000k\000h\000\366\000z}{section.3.9}% 53
\BOOKMARK [1][-]{section.3.10}{\376\377\000M\000a\000g\000a\000s\000a\000b\000b\000\040\000r\000e\000n\000d\001\161\000\040\000M\000a\000r\000k\000o\000v\000-\000l\000\341\000n\000c\000o\000k\000\040\000H\000M\000M\000\040\000i\000n\000t\000e\000g\000r\000\341\000c\000i\000\363\000v\000a\000l}{chapter.3}% 54
\BOOKMARK [2][-]{subsection.3.10.1}{\376\377\000K\000o\000m\000b\000i\000n\000\341\000l\000t\000\040\000m\000o\000d\000e\000l\000l\000\040\000a\000r\000c\000h\000i\000t\000e\000k\000t\000\372\000r\000a}{section.3.10}% 55
\BOOKMARK [2][-]{subsection.3.10.2}{\376\377\000H\000i\000e\000r\000a\000r\000c\000h\000i\000k\000u\000s\000\040\000\341\000l\000l\000a\000p\000o\000t\000t\000\351\000r}{section.3.10}% 56
\BOOKMARK [1][-]{section.3.11}{\376\377\000T\000\351\000n\000y\000l\000e\000g\000e\000s\000\040\000G\000P\000U\000-\000g\000y\000o\000r\000s\000\355\000t\000\341\000s\000\040\000a\000\040\000Z\000h\000a\000\040\000i\000m\000p\000l\000e\000m\000e\000n\000t\000\341\000c\000i\000\363\000b\000a\000n}{chapter.3}% 57
\BOOKMARK [2][-]{subsection.3.11.1}{\376\377\000A\000l\000a\000p\000v\000e\000t\001\121\000\040\000G\000P\000U\000\040\000a\000r\000c\000h\000i\000t\000e\000k\000t\000\372\000r\000a}{section.3.11}% 58
\BOOKMARK [2][-]{subsection.3.11.2}{\376\377\000H\000M\000M\000\040\000i\000n\000t\000e\000g\000r\000\341\000c\000i\000\363\000\040\000k\000\374\000l\000s\001\121\000\040\000k\000\366\000n\000y\000v\000t\000\341\000r\000a\000k\000k\000a\000l}{section.3.11}% 59
\BOOKMARK [2][-]{subsection.3.11.3}{\376\377\000M\000e\000m\000\363\000r\000i\000a\000\040\000\351\000s\000\040\000e\000r\001\121\000f\000o\000r\000r\000\341\000s\000\040\000k\000e\000z\000e\000l\000\351\000s}{section.3.11}% 60
\BOOKMARK [0][-]{chapter.4}{\376\377\000F\000e\000e\000d\000f\000o\000r\000w\000a\000r\000d\000\040\000\351\000s\000\040\000r\000e\000k\000u\000r\000r\000e\000n\000s\000\040\000n\000e\000u\000r\000\341\000l\000i\000s\000\040\000h\000\341\000l\000\363\000z\000a\000t\000o\000k}{}% 61
\BOOKMARK [1][-]{section.4.1}{\376\377\000F\000e\000e\000d\000f\000o\000r\000w\000a\000r\000d\000\040\000N\000e\000t\000w\000o\000r\000k\000s\000\040\000\050\000F\000N\000N\000s\000\051}{chapter.4}% 62
\BOOKMARK [1][-]{section.4.2}{\376\377\000R\000e\000k\000u\000r\000r\000e\000n\000s\000\040\000h\000\341\000l\000\363\000k\000\040\000\050\000R\000N\000N\000s\000\051}{chapter.4}% 63
\BOOKMARK [1][-]{section.4.3}{\376\377\000L\000S\000T\000M\000/\000G\000R\000U\000\040\000h\000\341\000l\000\363\000z\000a\000t\000o\000k}{chapter.4}% 64
\BOOKMARK [0][-]{chapter.5}{\376\377\000V\000a\000r\000i\000\341\000c\000i\000\363\000s\000\040\000a\000u\000t\000o\000e\000n\000k\000\363\000d\000e\000r\000e\000k\000\040\000z\000e\000n\000e\000\040\000g\000e\000n\000e\000r\000\341\000l\000\341\000s\000h\000o\000z}{}% 65
\BOOKMARK [1][-]{section.5.1}{\376\377\000E\000l\000m\000\351\000l\000e\000t\000i\000\040\000A\000l\000a\000p\000o\000k}{chapter.5}% 66
\BOOKMARK [2][-]{subsection.5.1.1}{\376\377\000L\000\341\000t\000e\000n\000s\000\040\000v\000\341\000l\000t\000o\000z\000\363\000\040\000m\000o\000d\000e\000l\000l\000e\000k}{section.5.1}% 67
\BOOKMARK [2][-]{subsection.5.1.2}{\376\377\000V\000a\000r\000i\000\341\000c\000i\000\363\000s\000\040\000k\000\366\000v\000e\000t\000k\000e\000z\000t\000e\000t\000\351\000s\000\040\000\351\000s\000\040\000E\000L\000B\000O}{section.5.1}% 68
\BOOKMARK [1][-]{section.5.2}{\376\377\000Z\000e\000n\000e\000-\000s\000p\000e\000c\000i\000f\000i\000k\000u\000s\000\040\000A\000r\000c\000h\000i\000t\000e\000k\000t\000\372\000r\000a}{chapter.5}% 69
\BOOKMARK [2][-]{subsection.5.2.1}{\376\377\000K\000\363\000d\000o\000l\000\363\000\040\000t\000e\000r\000v\000e\000z\000\351\000s}{section.5.2}% 70
\BOOKMARK [2][-]{subsection.5.2.2}{\376\377\000D\000e\000k\000\363\000d\000o\000l\000\363\000\040\000a\000r\000c\000h\000i\000t\000e\000k\000t\000\372\000r\000\341\000k}{section.5.2}% 71
\BOOKMARK [1][-]{section.5.3}{\376\377\000M\000a\000t\000e\000m\000a\000t\000i\000k\000a\000i\000\040\000a\000l\000a\000p\000e\000l\000v\000e\000k}{chapter.5}% 72
\BOOKMARK [2][-]{subsection.5.3.1}{\376\377\000\301\000t\000p\000a\000r\000a\000m\000\351\000t\000e\000r\000e\000z\000\351\000s\000i\000\040\000t\000r\000\374\000k\000k}{section.5.3}% 73
\BOOKMARK [2][-]{subsection.5.3.2}{\376\377\000B\000e\000t\000a\000-\000V\000A\000E\000\040\000\351\000s\000\040\000r\000e\000g\000u\000l\000a\000r\000i\000z\000\341\000c\000i\000\363}{section.5.3}% 74
\BOOKMARK [2][-]{subsection.5.3.3}{\376\377\000K\000L\000-\000d\000i\000v\000e\000r\000g\000e\000n\000c\000i\000a\000\040\000a\000n\000a\000l\000\355\000z\000i\000s}{section.5.3}% 75
\BOOKMARK [1][-]{section.5.4}{\376\377\000K\000i\000h\000\355\000v\000\341\000s\000o\000k\000\040\000a\000\040\000z\000e\000n\000e\000g\000e\000n\000e\000r\000\341\000c\000i\000\363\000b\000a\000n}{chapter.5}% 76
\BOOKMARK [2][-]{subsection.5.4.1}{\376\377\000P\000o\000s\000t\000e\000r\000i\000o\000r\000\040\000c\000o\000l\000l\000a\000p\000s\000e}{section.5.4}% 77
\BOOKMARK [2][-]{subsection.5.4.2}{\376\377\000D\000i\000s\000z\000k\000r\000\351\000t\000\040\000a\000d\000a\000t\000o\000k\000\040\000k\000e\000z\000e\000l\000\351\000s\000e}{section.5.4}% 78
\BOOKMARK [1][-]{section.5.5}{\376\377\000S\000p\000e\000c\000i\000\341\000l\000i\000s\000\040\000V\000A\000E\000\040\000a\000r\000c\000h\000i\000t\000e\000k\000t\000\372\000r\000\341\000k}{chapter.5}% 79
\BOOKMARK [2][-]{subsection.5.5.1}{\376\377\000H\000i\000e\000r\000a\000r\000c\000h\000i\000k\000u\000s\000\040\000V\000A\000E}{section.5.5}% 80
\BOOKMARK [2][-]{subsection.5.5.2}{\376\377\000T\000r\000a\000n\000s\000f\000o\000r\000m\000e\000r\000-\000V\000A\000E}{section.5.5}% 81
\BOOKMARK [1][-]{section.5.6}{\376\377\000K\000o\000r\000l\000\341\000t\000o\000z\000\341\000s\000o\000k\000\040\000\351\000s\000\040\000j\000\366\000v\001\121\000b\000e\000l\000i\000\040\000i\000r\000\341\000n\000y\000o\000k}{chapter.5}% 82
\BOOKMARK [2][-]{subsection.5.6.1}{\376\377\000F\001\121\000\040\000k\000i\000h\000\355\000v\000\341\000s\000o\000k}{section.5.6}% 83
\BOOKMARK [1][-]{section.5.7}{\376\377\000Z\000h\000a\000\040\000V\000A\000E\000\040\000i\000m\000p\000l\000e\000m\000e\000n\000t\000\341\000c\000i\000\363\000s\000\040\000r\000\351\000s\000z\000l\000e\000t\000e\000k}{chapter.5}% 84
\BOOKMARK [2][-]{subsection.5.7.1}{\376\377\000R\000e\000s\000i\000d\000u\000a\000l\000B\000l\000o\000c\000k\000\040\000a\000r\000c\000h\000i\000t\000e\000k\000t\000\372\000r\000a}{section.5.7}% 85
\BOOKMARK [2][-]{subsection.5.7.2}{\376\377\000T\000e\000m\000p\000e\000r\000a\000t\000u\000r\000e\000-\000c\000o\000n\000t\000r\000o\000l\000l\000e\000d\000\040\000s\000a\000m\000p\000l\000i\000n\000g}{section.5.7}% 86
\BOOKMARK [2][-]{subsection.5.7.3}{\376\377\000C\000o\000n\000s\000i\000s\000t\000e\000n\000c\000y\000\040\000l\000o\000s\000s\000\040\000m\000e\000c\000h\000a\000n\000i\000z\000m\000u\000s}{section.5.7}% 87
\BOOKMARK [2][-]{subsection.5.7.4}{\376\377\000M\000i\000x\000e\000d\000\040\000p\000r\000e\000c\000i\000s\000i\000o\000n\000\040\000t\000r\000a\000i\000n\000i\000n\000g\000\040\000o\000p\000t\000i\000m\000a\000l\000i\000z\000\341\000c\000i\000\363}{section.5.7}% 88
\BOOKMARK [2][-]{subsection.5.7.5}{\376\377\000L\000a\000t\000e\000n\000t\000\040\000s\000p\000a\000c\000e\000\040\000i\000n\000t\000e\000r\000p\000o\000l\000\341\000c\000i\000\363}{section.5.7}% 89
\BOOKMARK [2][-]{subsection.5.7.6}{\376\377\000B\000e\000t\000a\000-\000s\000c\000h\000e\000d\000u\000l\000i\000n\000g\000\040\000s\000t\000r\000a\000t\000\351\000g\000i\000a}{section.5.7}% 90
\BOOKMARK [2][-]{subsection.5.7.7}{\376\377\000O\000N\000N\000X\000\040\000e\000x\000p\000o\000r\000t\000\040\000\351\000s\000\040\000d\000e\000p\000l\000o\000y\000m\000e\000n\000t\000\040\000o\000p\000t\000i\000m\000a\000l\000i\000z\000\341\000c\000i\000\363}{section.5.7}% 91
\BOOKMARK [0][-]{chapter.6}{\376\377\000T\000r\000a\000n\000s\000z\000f\000o\000r\000m\000e\000r\000e\000k\000\040\000a\000\040\000z\000e\000n\000e\000\040\000g\000e\000n\000e\000r\000\341\000l\000\341\000s\000n\000\341\000l}{}% 92
\BOOKMARK [1][-]{section.6.1}{\376\377\000E\000l\000m\000\351\000l\000e\000t\000i\000\040\000a\000l\000a\000p\000o\000k}{chapter.6}% 93
\BOOKMARK [2][-]{subsection.6.1.1}{\376\377\000\326\000n\000f\000i\000g\000y\000e\000l\001\121\000\040\000m\000e\000c\000h\000a\000n\000i\000z\000m\000u\000s}{section.6.1}% 94
\BOOKMARK [2][-]{subsection.6.1.2}{\376\377\000T\000\366\000b\000b\000f\000e\000j\001\161\000\040\000f\000i\000g\000y\000e\000l\000e\000m}{section.6.1}% 95
\BOOKMARK [1][-]{section.6.2}{\376\377\000Z\000e\000n\000e\000-\000s\000p\000e\000c\000i\000f\000i\000k\000u\000s\000\040\000a\000d\000a\000p\000t\000\341\000c\000i\000\363\000k}{chapter.6}% 96
\BOOKMARK [2][-]{subsection.6.2.1}{\376\377\000R\000e\000l\000a\000t\000\355\000v\000\040\000p\000o\000z\000\355\000c\000i\000\363\000k\000\363\000d\000o\000l\000\341\000s}{section.6.2}% 97
\BOOKMARK [2][-]{subsection.6.2.2}{\376\377\000D\000e\000k\000\363\000d\000o\000l\000\341\000s\000i\000\040\000s\000t\000r\000a\000t\000\351\000g\000i\000\341\000k}{section.6.2}% 98
\BOOKMARK [1][-]{section.6.3}{\376\377\000M\000a\000t\000e\000m\000a\000t\000i\000k\000a\000i\000\040\000e\000l\000e\000m\000z\000\351\000s}{chapter.6}% 99
\BOOKMARK [2][-]{subsection.6.3.1}{\376\377\000G\000r\000a\000d\000i\000e\000n\000s\000\040\000F\000l\000o\000w}{section.6.3}% 100
\BOOKMARK [2][-]{subsection.6.3.2}{\376\377\000B\000o\000n\000y\000o\000l\000u\000l\000t\000s\000\341\000g\000i\000\040\000s\000z\000e\000m\000p\000o\000n\000t\000o\000k}{section.6.3}% 101
\BOOKMARK [1][-]{section.6.4}{\376\377\000K\000i\000h\000\355\000v\000\341\000s\000o\000k\000\040\000a\000\040\000z\000e\000n\000e\000g\000e\000n\000e\000r\000\341\000c\000i\000\363\000b\000a\000n}{chapter.6}% 102
\BOOKMARK [2][-]{subsection.6.4.1}{\376\377\000H\000o\000s\000s\000z\000\372\000\040\000t\000\341\000v\000\372\000\040\000f\000\374\000g\000g\001\121\000s\000\351\000g\000e\000k}{section.6.4}% 103
\BOOKMARK [2][-]{subsection.6.4.2}{\376\377\000S\000t\000r\000u\000k\000t\000u\000r\000\341\000l\000i\000s\000\040\000p\000r\000i\000o\000r\000i\000t\000\341\000s\000o\000k}{section.6.4}% 104
\BOOKMARK [1][-]{section.6.5}{\376\377\000Z\000h\000a\000\040\000t\000r\000a\000n\000s\000z\000f\000o\000r\000m\000\341\000t\000o\000r\000\341\000n\000a\000k\000\040\000m\000e\000g\000v\000a\000l\000\363\000s\000\355\000t\000\341\000s\000a}{chapter.6}% 105
\BOOKMARK [2][-]{subsection.6.5.1}{\376\377\000R\000\351\000s\000z\000l\000e\000t\000e\000k\000\040\000a\000z\000\040\000\351\000p\000\355\000t\000\351\000s\000z\000e\000t\000r\001\121\000l}{section.6.5}% 106
\BOOKMARK [2][-]{subsection.6.5.2}{\376\377\000M\000e\000m\000\363\000r\000i\000a\000-\000a\000l\000a\000p\000\372\000\040\000g\000e\000n\000e\000r\000\341\000l\000\341\000s\000i\000\040\000s\000t\000r\000a\000t\000\351\000g\000i\000a}{section.6.5}% 107
\BOOKMARK [2][-]{subsection.6.5.3}{\376\377\000S\000t\000r\000u\000c\000t\000u\000r\000e\000d\000\040\000g\000e\000n\000e\000r\000a\000t\000i\000o\000n\000\040\000a\000l\000g\000o\000r\000i\000t\000m\000u\000s}{section.6.5}% 108
\BOOKMARK [2][-]{subsection.6.5.4}{\376\377\000T\000o\000p\000-\000k\000\040\000\351\000s\000\040\000n\000u\000c\000l\000e\000u\000s\000\040\000s\000a\000m\000p\000l\000i\000n\000g\000\040\000o\000p\000t\000i\000m\000a\000l\000i\000z\000\341\000c\000i\000\363}{section.6.5}% 109
\BOOKMARK [2][-]{subsection.6.5.5}{\376\377\000J\000I\000T\000\040\000c\000o\000m\000p\000i\000l\000a\000t\000i\000o\000n\000\040\000o\000p\000t\000i\000m\000a\000l\000i\000z\000\341\000c\000i\000\363}{section.6.5}% 110
\BOOKMARK [1][-]{section.6.6}{\376\377\000E\000s\000e\000t\000t\000a\000n\000u\000l\000m\000\341\000n\000y\000:\000\040\000B\000a\000c\000h\000-\000k\000o\000r\000\341\000l\000g\000e\000n\000e\000r\000\341\000c\000i\000\363}{chapter.6}% 111
\BOOKMARK [2][-]{subsection.6.6.1}{\376\377\000K\000\355\000s\000\351\000r\000l\000e\000t\000i\000\040\000b\000e\000\341\000l\000l\000\355\000t\000\341\000s}{section.6.6}% 112
\BOOKMARK [2][-]{table.caption.21}{\376\377\000E\000r\000e\000d\000m\000\351\000n\000y\000e\000k}{section.6.6}% 113
\BOOKMARK [1][-]{section.6.7}{\376\377\000K\000o\000r\000l\000\341\000t\000o\000z\000\341\000s\000o\000k\000\040\000\351\000s\000\040\000k\000i\000t\000e\000r\000j\000e\000s\000z\000t\000\351\000s\000e\000k}{chapter.6}% 114
\BOOKMARK [2][-]{subsection.6.7.1}{\376\377\000F\001\121\000b\000b\000\040\000k\000i\000h\000\355\000v\000\341\000s\000o\000k}{section.6.7}% 115
\BOOKMARK [2][-]{subsection.6.7.2}{\376\377\000S\000p\000e\000c\000i\000\341\000l\000i\000s\000\040\000v\000\341\000l\000t\000o\000z\000a\000t\000o\000k}{section.6.7}% 116
\BOOKMARK [1][-]{section.6.8}{\376\377\000Z\000h\000a\000\040\000T\000r\000a\000n\000s\000f\000o\000r\000m\000e\000r\000\040\000i\000m\000p\000l\000e\000m\000e\000n\000t\000\341\000c\000i\000\363\000\040\000r\000\351\000s\000z\000l\000e\000t\000e\000s\000\040\000e\000l\000e\000m\000z\000\351\000s\000e}{chapter.6}% 117
\BOOKMARK [2][-]{subsection.6.8.1}{\376\377\000P\000o\000z\000\355\000c\000i\000\363\000s\000\040\000k\000\363\000d\000o\000l\000\341\000s\000\040\000i\000m\000p\000l\000e\000m\000e\000n\000t\000\341\000c\000i\000\363}{section.6.8}% 118
\BOOKMARK [2][-]{subsection.6.8.2}{\376\377\000M\000e\000m\000\363\000r\000i\000a\000-\000a\000l\000a\000p\000\372\000\040\000g\000e\000n\000e\000r\000\341\000l\000\341\000s}{section.6.8}% 119
\BOOKMARK [2][-]{subsection.6.8.3}{\376\377\000S\000t\000r\000u\000k\000t\000u\000r\000\341\000l\000t\000\040\000g\000e\000n\000e\000r\000\341\000l\000\341\000s}{section.6.8}% 120
\BOOKMARK [2][-]{subsection.6.8.4}{\376\377\000S\000a\000m\000p\000l\000i\000n\000g\000\040\000s\000t\000r\000a\000t\000\351\000g\000i\000\341\000k}{section.6.8}% 121
\BOOKMARK [2][-]{subsection.6.8.5}{\376\377\000A\000r\000c\000h\000i\000t\000e\000k\000t\000\372\000r\000a\000\040\000s\000p\000e\000c\000i\000f\000i\000k\000\341\000c\000i\000\363\000k}{section.6.8}% 122
\BOOKMARK [2][-]{subsection.6.8.6}{\376\377\000O\000p\000t\000i\000m\000a\000l\000i\000z\000\341\000l\000\341\000s\000\040\000\351\000s\000\040\000t\000e\000l\000j\000e\000s\000\355\000t\000m\000\351\000n\000y}{section.6.8}% 123
\BOOKMARK [0][-]{chapter.7}{\376\377\000K\000\351\000p\000z\000\351\000s\000i\000\040\000\351\000s\000\040\000o\000p\000t\000i\000m\000a\000l\000i\000z\000\341\000l\000\341\000s\000i\000\040\000t\000e\000c\000h\000n\000i\000k\000\341\000k}{}% 124
\BOOKMARK [1][-]{section.7.1}{\376\377\000M\000o\000d\000e\000l\000l\000s\000p\000e\000c\000i\000f\000i\000k\000u\000s\000\040\000k\000\351\000p\000z\000\351\000s\000i\000\040\000p\000a\000r\000a\000d\000i\000g\000m\000\341\000k}{chapter.7}% 125
\BOOKMARK [2][-]{subsection.7.1.1}{\376\377\000M\000a\000r\000k\000o\000v\000-\000l\000\341\000n\000c\000o\000k}{section.7.1}% 126
\BOOKMARK [2][-]{subsection.7.1.2}{\376\377\000G\000y\000a\000k\000o\000r\000l\000a\000t\000i\000\040\000m\000e\000g\000f\000o\000n\000t\000o\000l\000\341\000s\000o\000k}{section.7.1}% 127
\BOOKMARK [2][-]{subsection.7.1.3}{\376\377\000V\000\341\000l\000t\000o\000z\000a\000t\000o\000s\000\040\000a\000u\000t\000o\000m\000a\000t\000i\000k\000u\000s\000\040\000k\000\363\000d\000o\000l\000\363\000k}{section.7.1}% 128
\BOOKMARK [2][-]{subsection.7.1.4}{\376\377\000T\000r\000a\000n\000s\000f\000o\000r\000m\000e\000r\000s}{section.7.1}% 129
\BOOKMARK [2][-]{subsection.7.1.5}{\376\377\000O\000p\000t\000i\000m\000a\000l\000i\000z\000\341\000l\000\341\000s\000i\000\040\000S\000t\000r\000a\000t\000\351\000g\000i\000a}{section.7.1}% 130
\BOOKMARK [1][-]{section.7.2}{\376\377\000M\000e\000g\000o\000s\000z\000t\000o\000t\000t\000\040\000o\000p\000t\000i\000m\000a\000l\000i\000z\000\341\000l\000\341\000s\000i\000\040\000k\000i\000h\000\355\000v\000\341\000s\000o\000k}{chapter.7}% 131
\BOOKMARK [2][-]{subsection.7.2.1}{\376\377\000K\000\351\000p\000z\000\351\000s\000i\000\040\000s\000t\000a\000b\000i\000l\000i\000t\000\341\000s}{section.7.2}% 132
\BOOKMARK [1][-]{section.7.3}{\376\377\000Z\000h\000a\000\040\000k\000\351\000p\000z\000\351\000s\000i\000\040\000r\000e\000n\000d\000s\000z\000e\000r\000e}{chapter.7}% 133
\BOOKMARK [2][-]{subsection.7.3.1}{\376\377\000E\000g\000y\000s\000\351\000g\000e\000s\000\040\000k\000\351\000p\000z\000\351\000s\000i\000\040\000i\000n\000f\000r\000a\000s\000t\000r\000u\000k\000t\000\372\000r\000a}{section.7.3}% 134
\BOOKMARK [2][-]{subsection.7.3.2}{\376\377\000G\000y\000a\000k\000o\000r\000l\000a\000t\000i\000\040\000i\000m\000p\000l\000e\000m\000e\000n\000t\000\341\000c\000i\000\363\000\040\000r\000\351\000s\000z\000l\000e\000t\000e\000i}{section.7.3}% 135
\BOOKMARK [2][-]{subsection.7.3.3}{\376\377\000M\000o\000d\000e\000l\000l\000s\000p\000e\000c\000i\000f\000i\000k\000u\000s\000\040\000k\000\351\000p\000z\000\351\000s\000i\000\040\000s\000t\000r\000a\000t\000\351\000g\000i\000\341\000k}{section.7.3}% 136
\BOOKMARK [2][-]{subsection.7.3.4}{\376\377\000F\000e\000j\000l\000e\000t\000t\000\040\000k\000\351\000p\000z\000\351\000s\000i\000\040\000t\000e\000c\000h\000n\000i\000k\000\341\000k}{section.7.3}% 137
\BOOKMARK [1][-]{section.7.4}{\376\377\000H\000i\000p\000e\000r\000p\000a\000r\000a\000m\000\351\000t\000e\000r\000\040\000o\000p\000t\000i\000m\000a\000l\000i\000z\000\341\000l\000\341\000s}{chapter.7}% 138
\BOOKMARK [2][-]{subsection.7.4.1}{\376\377\000B\000a\000y\000e\000s\000i\000\040\000k\000e\000r\000e\000s\000\351\000s}{section.7.4}% 139
\BOOKMARK [2][-]{subsection.7.4.2}{\376\377\000A\000u\000t\000o\000m\000a\000t\000i\000z\000\341\000l\000t\000\040\000h\000i\000p\000e\000r\000p\000a\000r\000a\000m\000\351\000t\000e\000r\000\040\000k\000e\000r\000e\000s\000\351\000s}{section.7.4}% 140
\BOOKMARK [2][-]{subsection.7.4.3}{\376\377\000M\000u\000l\000t\000i\000-\000o\000b\000j\000e\000c\000t\000i\000v\000e\000\040\000o\000p\000t\000i\000m\000a\000l\000i\000z\000\341\000c\000i\000\363}{section.7.4}% 141
\BOOKMARK [2][-]{table.caption.42}{\376\377\000O\000p\000t\000i\000m\000\341\000l\000i\000s\000\040\000k\000o\000n\000f\000i\000g\000u\000r\000\341\000c\000i\000\363\000k}{section.7.4}% 142
\BOOKMARK [1][-]{section.7.5}{\376\377\000K\000\351\000p\000z\000\351\000s\000i\000\040\000m\000o\000n\000i\000t\000o\000r\000o\000z\000\341\000s\000\040\000\351\000s\000\040\000h\000i\000b\000a\000k\000e\000r\000e\000s\000\351\000s}{chapter.7}% 143
\BOOKMARK [2][-]{subsection.7.5.1}{\376\377\000V\000a\000l\000\363\000s\000\040\000i\000d\000e\000j\001\161\000\040\000m\000e\000t\000r\000i\000k\000a\000\040\000k\000\366\000v\000e\000t\000\351\000s}{section.7.5}% 144
\BOOKMARK [2][-]{subsection.7.5.2}{\376\377\000H\000i\000b\000a\000k\000e\000r\000e\000s\000\351\000s\000i\000\040\000e\000s\000z\000k\000\366\000z\000\366\000k\000\040\000\351\000s\000\040\000a\000n\000o\000m\000\341\000l\000i\000a\000\040\000d\000e\000t\000e\000k\000t\000\341\000l\000\341\000s}{section.7.5}% 145
\BOOKMARK [2][-]{subsection.7.5.3}{\376\377\000A\000u\000t\000o\000m\000a\000t\000i\000z\000\341\000l\000t\000\040\000h\000i\000p\000e\000r\000p\000a\000r\000a\000m\000\351\000t\000e\000r\000\040\000o\000p\000t\000i\000m\000a\000l\000i\000z\000\341\000c\000i\000\363}{section.7.5}% 146
\BOOKMARK [2][-]{subsection.7.5.4}{\376\377\000K\000\351\000p\000z\000\351\000s\000i\000\040\000m\000o\000n\000i\000t\000o\000r\000o\000z\000\341\000s\000\040\000\351\000s\000\040\000h\000i\000b\000a\000k\000e\000r\000e\000s\000\351\000s}{section.7.5}% 147
\BOOKMARK [2][-]{subsection.7.5.5}{\376\377\000T\000e\000l\000j\000e\000s\000\355\000t\000m\000\351\000n\000y\000\040\000o\000p\000t\000i\000m\000a\000l\000i\000z\000\341\000c\000i\000\363\000\040\000\351\000s\000\040\000s\000k\000\341\000l\000\341\000z\000h\000a\000t\000\363\000s\000\341\000g}{section.7.5}% 148
\BOOKMARK [0][-]{chapter.8}{\376\377\000S\000y\000s\000t\000e\000m\000\040\000D\000e\000s\000i\000g\000n\000\040\000o\000f\000\040\000Z\000h\000a}{}% 149
\BOOKMARK [1][-]{figure.caption.49}{\376\377\000H\000i\000g\000h\000-\000l\000e\000v\000e\000l\000\040\000S\000y\000s\000t\000e\000m\000\040\000O\000v\000e\000r\000v\000i\000e\000w}{chapter.8}% 150
\BOOKMARK [1][-]{section.8.2}{\376\377\000D\000a\000t\000a\000\040\000F\000l\000o\000w}{chapter.8}% 151
\BOOKMARK [1][-]{section.8.3}{\376\377\000D\000a\000t\000a\000\040\000P\000r\000e\000p\000r\000o\000c\000e\000s\000s\000i\000n\000g\000\040\000P\000i\000p\000e\000l\000i\000n\000e}{chapter.8}% 152
\BOOKMARK [2][-]{subsection.8.3.1}{\376\377\000M\000I\000D\000I\000\040\000P\000a\000r\000s\000i\000n\000g\000\040\000a\000n\000d\000\040\000C\000l\000e\000a\000n\000i\000n\000g}{section.8.3}% 153
\BOOKMARK [2][-]{subsection.8.3.2}{\376\377\000Q\000u\000a\000n\000t\000i\000z\000a\000t\000i\000o\000n}{section.8.3}% 154
\BOOKMARK [2][-]{subsection.8.3.3}{\376\377\000T\000o\000k\000e\000n\000i\000z\000a\000t\000i\000o\000n\000\040\000S\000c\000h\000e\000m\000a}{section.8.3}% 155
\BOOKMARK [2][-]{table.caption.50}{\376\377\000D\000a\000t\000a\000s\000e\000t\000\040\000S\000t\000a\000t\000i\000s\000t\000i\000c\000s}{section.8.3}% 156
\BOOKMARK [1][-]{section.8.4}{\376\377\000M\000o\000d\000e\000l\000\040\000A\000r\000c\000h\000i\000t\000e\000c\000t\000u\000r\000e\000s}{chapter.8}% 157
\BOOKMARK [2][-]{subsection.8.4.1}{\376\377\000M\000a\000r\000k\000o\000v\000\040\000C\000h\000a\000i\000n}{section.8.4}% 158
\BOOKMARK [2][-]{subsection.8.4.2}{\376\377\000V\000a\000r\000i\000a\000t\000i\000o\000n\000a\000l\000\040\000A\000u\000t\000o\000e\000n\000c\000o\000d\000e\000r}{section.8.4}% 159
\BOOKMARK [2][-]{subsection.8.4.3}{\376\377\000T\000r\000a\000n\000s\000f\000o\000r\000m\000e\000r}{section.8.4}% 160
\BOOKMARK [1][-]{section.8.5}{\376\377\000T\000r\000a\000i\000n\000i\000n\000g\000\040\000M\000e\000t\000h\000o\000d\000o\000l\000o\000g\000i\000e\000s}{chapter.8}% 161
\BOOKMARK [2][-]{subsection.8.5.1}{\376\377\000C\000o\000m\000m\000o\000n\000\040\000I\000n\000f\000r\000a\000s\000t\000r\000u\000c\000t\000u\000r\000e}{section.8.5}% 162
\BOOKMARK [2][-]{subsection.8.5.2}{\376\377\000M\000a\000r\000k\000o\000v\000\040\000T\000r\000a\000i\000n\000e\000r}{section.8.5}% 163
\BOOKMARK [2][-]{lstlisting.-10}{\376\377\000V\000A\000E\000\040\000T\000r\000a\000i\000n\000e\000r}{section.8.5}% 164
\BOOKMARK [2][-]{subsection.8.5.4}{\376\377\000T\000r\000a\000n\000s\000f\000o\000r\000m\000e\000r\000\040\000T\000r\000a\000i\000n\000e\000r}{section.8.5}% 165
\BOOKMARK [1][-]{section.8.6}{\376\377\000I\000n\000f\000e\000r\000e\000n\000c\000e\000\040\000E\000n\000g\000i\000n\000e}{chapter.8}% 166
\BOOKMARK [2][-]{lstlisting.-11}{\376\377\000E\000n\000d\000-\000t\000o\000-\000E\000n\000d\000\040\000S\000c\000r\000i\000p\000t\000\040\000\050\000g\000e\000n\000e\000r\000a\000t\000e\000.\000p\000y\000\051}{section.8.6}% 167
\BOOKMARK [2][-]{subsection.8.6.2}{\376\377\000P\000e\000r\000f\000o\000r\000m\000a\000n\000c\000e}{section.8.6}% 168
\BOOKMARK [1][-]{section.8.7}{\376\377\000E\000v\000a\000l\000u\000a\000t\000i\000o\000n\000\040\000a\000n\000d\000\040\000E\000x\000p\000e\000r\000i\000m\000e\000n\000t\000s}{chapter.8}% 169
\BOOKMARK [2][-]{table.caption.58}{\376\377\000O\000b\000j\000e\000c\000t\000i\000v\000e\000\040\000M\000e\000t\000r\000i\000c\000s}{section.8.7}% 170
\BOOKMARK [2][-]{subsection.8.7.2}{\376\377\000S\000u\000b\000j\000e\000c\000t\000i\000v\000e\000\040\000L\000i\000s\000t\000e\000n\000i\000n\000g\000\040\000S\000t\000u\000d\000y}{section.8.7}% 171
\BOOKMARK [1][-]{section.8.8}{\376\377\000L\000i\000m\000i\000t\000a\000t\000i\000o\000n\000s\000\040\000a\000n\000d\000\040\000F\000u\000t\000u\000r\000e\000\040\000W\000o\000r\000k}{chapter.8}% 172
\BOOKMARK [2][-]{subsection.8.8.1}{\376\377\000C\000u\000r\000r\000e\000n\000t\000\040\000L\000i\000m\000i\000t\000a\000t\000i\000o\000n\000s}{section.8.8}% 173
\BOOKMARK [0][-]{chapter.9}{\376\377\000M\000a\000t\000e\000m\000a\000t\000i\000k\000a\000i\000\040\000L\000e\000v\000e\000z\000e\000t\000\351\000s\000e\000k}{}% 174
\BOOKMARK [1][-]{section.9.1}{\376\377\000V\000a\000r\000i\000\341\000c\000i\000\363\000s\000\040\000K\000\366\000v\000e\000t\000k\000e\000z\000t\000e\000t\000\351\000s\000\040\000\351\000s\000\040\000a\000z\000\040\000E\000L\000B\000O\000\040\000L\000e\000v\000e\000z\000e\000t\000\351\000s\000e}{chapter.9}% 175
\BOOKMARK [2][-]{subsection.9.1.1}{\376\377\000E\000L\000B\000O\000\040\000L\000e\000v\000e\000z\000e\000t\000\351\000s\000e}{section.9.1}% 176
\BOOKMARK [2][-]{subsection.9.1.2}{\376\377\000I\000n\000t\000e\000r\000p\000r\000e\000t\000\341\000c\000i\000\363}{section.9.1}% 177
\BOOKMARK [1][-]{section.9.2}{\376\377\000E\000L\000B\000O\000\040\000G\000r\000a\000d\000i\000e\000n\000s\000\040\000B\000e\000c\000s\000l\000\351\000s\000e}{chapter.9}% 178
\BOOKMARK [2][-]{subsection.9.2.1}{\376\377\000R\000e\000p\000a\000r\000a\000m\000e\000t\000r\000i\000z\000\341\000c\000i\000\363\000s\000\040\000T\000e\000c\000h\000n\000i\000k\000a}{section.9.2}% 179
\BOOKMARK [2][-]{subsection.9.2.2}{\376\377\000M\000o\000n\000t\000e\000\040\000C\000a\000r\000l\000o\000\040\000B\000e\000c\000s\000l\000\351\000s}{section.9.2}% 180
\BOOKMARK [1][-]{section.9.3}{\376\377\000G\000r\000a\000d\000i\000e\000n\000s\000\040\000A\000n\000a\000l\000\355\000z\000i\000s\000\040\000R\000N\000N\000-\000e\000k\000b\000e\000n}{chapter.9}% 181
\BOOKMARK [2][-]{subsection.9.3.1}{\376\377\000V\000i\000s\000s\000z\000a\000t\000e\000r\000j\000e\000s\000z\000t\000\351\000s\000\040\000I\000d\001\121\000b\000e\000n\000\040\000\050\000B\000P\000T\000T\000\051}{section.9.3}% 182
\BOOKMARK [2][-]{subsection.9.3.2}{\376\377\000E\000l\000t\001\161\000n\001\121\000\040\000\351\000s\000\040\000R\000o\000b\000b\000a\000n\000\363\000\040\000G\000r\000a\000d\000i\000e\000n\000s\000e\000k}{section.9.3}% 183
\BOOKMARK [2][-]{subsection.9.3.3}{\376\377\000M\000e\000g\000o\000l\000d\000\341\000s\000o\000k}{section.9.3}% 184
\BOOKMARK [1][-]{section.9.4}{\376\377\000E\000L\000B\000O\000\040\000V\000a\000r\000i\000\341\000c\000i\000\363\000s\000\040\000R\000N\000N\000-\000e\000k\000b\000e\000n}{chapter.9}% 185
\BOOKMARK [1][-]{section.9.5}{\376\377\000B\000e\000t\000a\000-\000V\000A\000E\000\040\000M\000a\000t\000e\000m\000a\000t\000i\000k\000a\000i\000\040\000K\000e\000r\000e\000t\000r\000e\000n\000d\000s\000z\000e\000r}{chapter.9}% 186
\BOOKMARK [2][-]{subsection.9.5.1}{\376\377\000B\000e\000t\000a\000\040\000P\000a\000r\000a\000m\000\351\000t\000e\000r\000\040\000A\000n\000a\000l\000\355\000z\000i\000s}{section.9.5}% 187
\BOOKMARK [2][-]{subsection.9.5.2}{\376\377\000S\000z\000\351\000t\000v\000\341\000l\000a\000s\000z\000t\000\341\000s\000i\000\040\000E\000l\000m\000\351\000l\000e\000t}{section.9.5}% 188
\BOOKMARK [2][-]{subsection.9.5.3}{\376\377\000K\000o\000n\000z\000i\000s\000z\000t\000e\000n\000c\000i\000a\000\040\000V\000e\000s\000z\000t\000e\000s\000\351\000g\000\040\000a\000\040\000Z\000e\000n\000e\000i\000\040\000F\000o\000l\000y\000t\000o\000n\000o\000s\000s\000\341\000g\000\351\000r\000t}{section.9.5}% 189
\BOOKMARK [1][-]{section.9.6}{\376\377\000T\000r\000a\000n\000s\000f\000o\000r\000m\000e\000r\000\040\000A\000r\000c\000h\000i\000t\000e\000k\000t\000\372\000r\000a\000\040\000M\000a\000t\000e\000m\000a\000t\000i\000k\000\341\000j\000a}{chapter.9}% 190
\BOOKMARK [2][-]{subsection.9.6.1}{\376\377\000P\000o\000z\000i\000c\000i\000o\000n\000\341\000l\000i\000s\000\040\000K\000\363\000d\000o\000l\000\341\000s\000\040\000I\000m\000p\000l\000e\000m\000e\000n\000t\000\341\000c\000i\000\363}{section.9.6}% 191
\BOOKMARK [2][-]{subsection.9.6.2}{\376\377\000M\000e\000m\000\363\000r\000i\000a\000\040\000M\000e\000c\000h\000a\000n\000i\000z\000m\000u\000s\000\040\000Z\000e\000n\000e\000i\000\040\000S\000t\000r\000u\000k\000t\000\372\000r\000\341\000h\000o\000z}{section.9.6}% 192
\BOOKMARK [1][-]{section.9.7}{\376\377\000M\000a\000g\000a\000s\000a\000b\000b\000\040\000R\000e\000n\000d\001\161\000\040\000M\000a\000r\000k\000o\000v\000\040\000L\000\341\000n\000c\000o\000k\000\040\000E\000l\000m\000\351\000l\000e\000t\000e}{chapter.9}% 193
\BOOKMARK [2][-]{subsection.9.7.1}{\376\377\000M\000a\000t\000e\000m\000a\000t\000i\000k\000a\000i\000\040\000A\000l\000a\000p\000o\000k}{section.9.7}% 194
\BOOKMARK [2][-]{subsection.9.7.2}{\376\377\000\301\000l\000l\000a\000p\000o\000t\000t\000\351\000r\000\040\000K\000o\000m\000p\000l\000e\000x\000i\000t\000\341\000s}{section.9.7}% 195
\BOOKMARK [2][-]{subsection.9.7.3}{\376\377\000M\000a\000x\000i\000m\000u\000m\000\040\000L\000i\000k\000e\000l\000i\000h\000o\000o\000d\000\040\000B\000e\000c\000s\000l\000\351\000s}{section.9.7}% 196
\BOOKMARK [1][-]{section.9.8}{\376\377\000R\000e\000j\000t\000e\000t\000t\000\040\000M\000a\000r\000k\000o\000v\000\040\000M\000o\000d\000e\000l\000l\000\040\000I\000n\000t\000e\000g\000r\000\341\000c\000i\000\363}{chapter.9}% 197
\BOOKMARK [2][-]{subsection.9.8.1}{\376\377\000E\000l\000m\000\351\000l\000e\000t\000i\000\040\000H\000\341\000t\000t\000\351\000r}{section.9.8}% 198
\BOOKMARK [2][-]{subsection.9.8.2}{\376\377\000Z\000e\000n\000e\000i\000\040\000J\000e\000l\000l\000e\000m\000z\001\121\000k\000\040\000K\000i\000n\000y\000e\000r\000\351\000s\000e\000\040\000H\000M\000M\000-\000h\000e\000z}{section.9.8}% 199
\BOOKMARK [1][-]{section.9.9}{\376\377\000G\000P\000U\000\040\000G\000y\000o\000r\000s\000\355\000t\000\341\000s\000\040\000M\000a\000t\000e\000m\000a\000t\000i\000k\000\341\000j\000a}{chapter.9}% 200
\BOOKMARK [2][-]{subsection.9.9.1}{\376\377\000P\000\341\000r\000h\000u\000z\000a\000m\000o\000s\000\040\000M\000\341\000t\000r\000i\000x\000\040\000M\001\161\000v\000e\000l\000e\000t\000e\000k}{section.9.9}% 201
\BOOKMARK [2][-]{subsection.9.9.2}{\376\377\000R\000i\000t\000k\000a\000\040\000M\000\341\000t\000r\000i\000x\000\040\000M\001\161\000v\000e\000l\000e\000t\000e\000k}{section.9.9}% 202
\BOOKMARK [1][-]{section.9.10}{\376\377\000V\000e\000g\000y\000e\000s\000\040\000P\000o\000n\000t\000o\000s\000s\000\341\000g\000\372\000\040\000T\000a\000n\000\355\000t\000\341\000s\000\040\000E\000l\000m\000\351\000l\000e\000t\000e}{chapter.9}% 203
\BOOKMARK [2][-]{subsection.9.10.1}{\376\377\000A\000u\000t\000o\000m\000a\000t\000i\000k\000u\000s\000\040\000V\000e\000g\000y\000e\000s\000\040\000P\000o\000n\000t\000o\000s\000s\000\341\000g\000\040\000I\000m\000p\000l\000e\000m\000e\000n\000t\000\341\000c\000i\000\363}{section.9.10}% 204
\BOOKMARK [1][-]{section.9.11}{\376\377\000G\000r\000a\000d\000i\000e\000n\000s\000\040\000A\000k\000k\000u\000m\000u\000l\000\341\000c\000i\000\363\000\040\000M\000a\000t\000e\000m\000a\000t\000i\000k\000\341\000j\000a}{chapter.9}% 205
\BOOKMARK [2][-]{subsection.9.11.1}{\376\377\000M\000i\000n\000i\000-\000b\000a\000t\000c\000h\000\040\000G\000r\000a\000d\000i\000e\000n\000s\000\040\000B\000e\000c\000s\000l\000\351\000s}{section.9.11}% 206
\BOOKMARK [1][-]{section.9.12}{\376\377\000T\000a\000n\000u\000l\000\341\000s\000i\000\040\000R\000\341\000t\000a\000\040\000\334\000t\000e\000m\000e\000z\000\351\000s\000\040\000E\000l\000m\000\351\000l\000e\000t\000e}{chapter.9}% 207
\BOOKMARK [2][-]{subsection.9.12.1}{\376\377\000K\000o\000s\000z\000i\000n\000u\000s\000z\000\040\000E\000n\000y\000h\000\355\000t\000\351\000s}{section.9.12}% 208
\BOOKMARK [2][-]{subsection.9.12.2}{\376\377\000E\000g\000y\000\040\000C\000i\000k\000l\000u\000s\000\372\000\040\000T\000a\000n\000u\000l\000\341\000s\000i\000\040\000R\000\341\000t\000a}{section.9.12}% 209
\BOOKMARK [1][-]{section.9.13}{\376\377\000Z\000e\000n\000e\000i\000\040\000J\000e\000l\000l\000e\000m\000z\001\121\000k\000\040\000K\000i\000n\000y\000e\000r\000\351\000s\000\351\000n\000e\000k\000\040\000M\000a\000t\000e\000m\000a\000t\000i\000k\000\341\000j\000a}{chapter.9}% 210
\BOOKMARK [2][-]{subsection.9.13.1}{\376\377\000I\000n\000t\000e\000r\000v\000a\000l\000l\000u\000m\000\040\000A\000n\000a\000l\000\355\000z\000i\000s}{section.9.13}% 211
\BOOKMARK [2][-]{subsection.9.13.2}{\376\377\000R\000i\000t\000m\000i\000k\000a\000i\000\040\000M\000i\000n\000t\000\341\000k\000\040\000K\000\363\000d\000o\000l\000\341\000s\000a}{section.9.13}% 212
\BOOKMARK [2][-]{subsection.9.13.3}{\376\377\000A\000k\000k\000o\000r\000d\000p\000r\000o\000g\000r\000e\000s\000s\000z\000i\000\363\000\040\000A\000n\000a\000l\000\355\000z\000i\000s}{section.9.13}% 213
